2021-11-04 21:49:24.327  INFO 4428 --- [restartedMain] com.thanhtam.backend.BackendApplication  : Starting BackendApplication on DESKTOP-DO09L0Q with PID 4428 (started by X230 in D:\final-project-master\final-project-master\source code\backend)
2021-11-04 21:49:24.343  INFO 4428 --- [restartedMain] com.thanhtam.backend.BackendApplication  : No active profile set, falling back to default profiles: default
2021-11-04 21:49:24.483  INFO 4428 --- [restartedMain] ConfigServletWebServerApplicationContext : Refreshing org.springframework.boot.web.servlet.context.AnnotationConfigServletWebServerApplicationContext@6058a53a: startup date [Thu Nov 04 21:49:24 ICT 2021]; root of context hierarchy
2021-11-04 21:49:26.780  INFO 4428 --- [restartedMain] trationDelegate$BeanPostProcessorChecker : Bean 'org.springframework.transaction.annotation.ProxyTransactionManagementConfiguration' of type [org.springframework.transaction.annotation.ProxyTransactionManagementConfiguration$$EnhancerBySpringCGLIB$$bf4e81e] is not eligible for getting processed by all BeanPostProcessors (for example: not eligible for auto-proxying)
2021-11-04 21:49:26.874  INFO 4428 --- [restartedMain] trationDelegate$BeanPostProcessorChecker : Bean 'org.springframework.security.config.annotation.configuration.ObjectPostProcessorConfiguration' of type [org.springframework.security.config.annotation.configuration.ObjectPostProcessorConfiguration$$EnhancerBySpringCGLIB$$a4a2b058] is not eligible for getting processed by all BeanPostProcessors (for example: not eligible for auto-proxying)
2021-11-04 21:49:26.890  INFO 4428 --- [restartedMain] trationDelegate$BeanPostProcessorChecker : Bean 'objectPostProcessor' of type [org.springframework.security.config.annotation.configuration.AutowireBeanFactoryObjectPostProcessor] is not eligible for getting processed by all BeanPostProcessors (for example: not eligible for auto-proxying)
2021-11-04 21:49:26.890  INFO 4428 --- [restartedMain] trationDelegate$BeanPostProcessorChecker : Bean 'org.springframework.security.access.expression.method.DefaultMethodSecurityExpressionHandler@5d39c187' of type [org.springframework.security.access.expression.method.DefaultMethodSecurityExpressionHandler] is not eligible for getting processed by all BeanPostProcessors (for example: not eligible for auto-proxying)
2021-11-04 21:49:26.905  INFO 4428 --- [restartedMain] trationDelegate$BeanPostProcessorChecker : Bean 'org.springframework.security.config.annotation.method.configuration.GlobalMethodSecurityConfiguration' of type [org.springframework.security.config.annotation.method.configuration.GlobalMethodSecurityConfiguration$$EnhancerBySpringCGLIB$$c977530a] is not eligible for getting processed by all BeanPostProcessors (for example: not eligible for auto-proxying)
2021-11-04 21:49:26.921  INFO 4428 --- [restartedMain] trationDelegate$BeanPostProcessorChecker : Bean 'methodSecurityMetadataSource' of type [org.springframework.security.access.method.DelegatingMethodSecurityMetadataSource] is not eligible for getting processed by all BeanPostProcessors (for example: not eligible for auto-proxying)
2021-11-04 21:49:27.741  INFO 4428 --- [restartedMain] o.s.b.w.embedded.tomcat.TomcatWebServer  : Tomcat initialized with port(s): 8080 (http)
2021-11-04 21:49:27.772  INFO 4428 --- [restartedMain] o.apache.catalina.core.StandardService   : Starting service [Tomcat]
2021-11-04 21:49:27.772  INFO 4428 --- [restartedMain] org.apache.catalina.core.StandardEngine  : Starting Servlet Engine: Apache Tomcat/8.5.29
2021-11-04 21:49:27.788  INFO 4428 --- [localhost-startStop-1] o.a.catalina.core.AprLifecycleListener   : The APR based Apache Tomcat Native library which allows optimal performance in production environments was not found on the java.library.path: [C:\Program Files\Java\jdk1.8.0_201\bin;C:\WINDOWS\Sun\Java\bin;C:\WINDOWS\system32;C:\WINDOWS;C:\Program Files\Common Files\Oracle\Java\javapath;C:\Python39\Scripts\;C:\Python39\;C:\Program Files (x86)\Common Files\Oracle\Java\javapath;C:\WINDOWS\system32;C:\WINDOWS;C:\WINDOWS\System32\Wbem;C:\WINDOWS\System32\WindowsPowerShell\v1.0\;C:\WINDOWS\System32\OpenSSH\;C:\Program Files (x86)\Microsoft SQL Server\100\Tools\Binn\;C:\Program Files\Microsoft SQL Server\100\Tools\Binn\;C:\Program Files\Microsoft SQL Server\100\DTS\Binn\;C:\Program Files (x86)\Microsoft SQL Server\100\Tools\Binn\VSShell\Common7\IDE\;C:\Program Files (x86)\Microsoft SQL Server\100\DTS\Binn\;C:\Program Files\Microsoft SQL Server\130\Tools\Binn\;C:\Program Files\Microsoft SQL Server\Client SDK\ODBC\170\Tools\Binn\;C:\Program Files\Git\cmd;C:\apache-maven-3.6.0\bin;C:\opencv\build\x64\vc15\bin;C:\Program Files\dotnet\;C:\Program Files (x86)\dotnet\;C:\Program Files\nodejs\;C:\ProgramData\chocolatey\bin;C:\Program Files\TortoiseGit\bin;C:\Users\X230\AppData\Local\Programs\Python\Python37-32\Scripts\;C:\Users\X230\AppData\Local\Programs\Python\Python37-32\;C:\Users\X230\AppData\Local\Microsoft\WindowsApps;C:\Program Files\Tesseract-OCR;C:\Users\X230\AppData\Local\Programs\Microsoft VS Code\bin;C:\xampp\php;C:\flutter\bin;C:\Users\X230\AppData\Roaming\npm;.]
2021-11-04 21:49:27.866  INFO 4428 --- [localhost-startStop-1] o.a.c.c.C.[Tomcat].[localhost].[/]       : Initializing Spring embedded WebApplicationContext
2021-11-04 21:49:27.866  INFO 4428 --- [localhost-startStop-1] o.s.web.context.ContextLoader            : Root WebApplicationContext: initialization completed in 3383 ms
2021-11-04 21:49:28.568  INFO 4428 --- [localhost-startStop-1] com.zaxxer.hikari.HikariDataSource       : HikariPool-1 - Starting...
2021-11-04 21:49:29.256  INFO 4428 --- [localhost-startStop-1] com.zaxxer.hikari.HikariDataSource       : HikariPool-1 - Start completed.
2021-11-04 21:49:29.334  INFO 4428 --- [localhost-startStop-1] j.LocalContainerEntityManagerFactoryBean : Building JPA container EntityManagerFactory for persistence unit 'default'
2021-11-04 21:49:29.365  INFO 4428 --- [localhost-startStop-1] o.hibernate.jpa.internal.util.LogHelper  : HHH000204: Processing PersistenceUnitInfo [
	name: default
	...]
2021-11-04 21:49:29.506  INFO 4428 --- [localhost-startStop-1] org.hibernate.Version                    : HHH000412: Hibernate Core {5.2.16.Final}
2021-11-04 21:49:29.506  INFO 4428 --- [localhost-startStop-1] org.hibernate.cfg.Environment            : HHH000206: hibernate.properties not found
2021-11-04 21:49:29.584  INFO 4428 --- [localhost-startStop-1] o.hibernate.annotations.common.Version   : HCANN000001: Hibernate Commons Annotations {5.0.1.Final}
2021-11-04 21:49:29.740 DEBUG 4428 --- [localhost-startStop-1] org.hibernate.type.BasicTypeRegistry     : Adding type registration boolean -> org.hibernate.type.BooleanType@4d032055
2021-11-04 21:49:29.740 DEBUG 4428 --- [localhost-startStop-1] org.hibernate.type.BasicTypeRegistry     : Adding type registration boolean -> org.hibernate.type.BooleanType@4d032055
2021-11-04 21:49:29.740 DEBUG 4428 --- [localhost-startStop-1] org.hibernate.type.BasicTypeRegistry     : Adding type registration java.lang.Boolean -> org.hibernate.type.BooleanType@4d032055
2021-11-04 21:49:29.740 DEBUG 4428 --- [localhost-startStop-1] org.hibernate.type.BasicTypeRegistry     : Adding type registration numeric_boolean -> org.hibernate.type.NumericBooleanType@7759ca0b
2021-11-04 21:49:29.740 DEBUG 4428 --- [localhost-startStop-1] org.hibernate.type.BasicTypeRegistry     : Adding type registration true_false -> org.hibernate.type.TrueFalseType@6d3522bb
2021-11-04 21:49:29.740 DEBUG 4428 --- [localhost-startStop-1] org.hibernate.type.BasicTypeRegistry     : Adding type registration yes_no -> org.hibernate.type.YesNoType@b8714ee
2021-11-04 21:49:29.740 DEBUG 4428 --- [localhost-startStop-1] org.hibernate.type.BasicTypeRegistry     : Adding type registration byte -> org.hibernate.type.ByteType@5037cb4b
2021-11-04 21:49:29.740 DEBUG 4428 --- [localhost-startStop-1] org.hibernate.type.BasicTypeRegistry     : Adding type registration byte -> org.hibernate.type.ByteType@5037cb4b
2021-11-04 21:49:29.740 DEBUG 4428 --- [localhost-startStop-1] org.hibernate.type.BasicTypeRegistry     : Adding type registration java.lang.Byte -> org.hibernate.type.ByteType@5037cb4b
2021-11-04 21:49:29.756 DEBUG 4428 --- [localhost-startStop-1] org.hibernate.type.BasicTypeRegistry     : Adding type registration character -> org.hibernate.type.CharacterType@72bc9cc9
2021-11-04 21:49:29.756 DEBUG 4428 --- [localhost-startStop-1] org.hibernate.type.BasicTypeRegistry     : Adding type registration char -> org.hibernate.type.CharacterType@72bc9cc9
2021-11-04 21:49:29.756 DEBUG 4428 --- [localhost-startStop-1] org.hibernate.type.BasicTypeRegistry     : Adding type registration java.lang.Character -> org.hibernate.type.CharacterType@72bc9cc9
2021-11-04 21:49:29.756 DEBUG 4428 --- [localhost-startStop-1] org.hibernate.type.BasicTypeRegistry     : Adding type registration short -> org.hibernate.type.ShortType@ac38f3a
2021-11-04 21:49:29.756 DEBUG 4428 --- [localhost-startStop-1] org.hibernate.type.BasicTypeRegistry     : Adding type registration short -> org.hibernate.type.ShortType@ac38f3a
2021-11-04 21:49:29.756 DEBUG 4428 --- [localhost-startStop-1] org.hibernate.type.BasicTypeRegistry     : Adding type registration java.lang.Short -> org.hibernate.type.ShortType@ac38f3a
2021-11-04 21:49:29.756 DEBUG 4428 --- [localhost-startStop-1] org.hibernate.type.BasicTypeRegistry     : Adding type registration integer -> org.hibernate.type.IntegerType@1a36645c
2021-11-04 21:49:29.756 DEBUG 4428 --- [localhost-startStop-1] org.hibernate.type.BasicTypeRegistry     : Adding type registration int -> org.hibernate.type.IntegerType@1a36645c
2021-11-04 21:49:29.756 DEBUG 4428 --- [localhost-startStop-1] org.hibernate.type.BasicTypeRegistry     : Adding type registration java.lang.Integer -> org.hibernate.type.IntegerType@1a36645c
2021-11-04 21:49:29.756 DEBUG 4428 --- [localhost-startStop-1] org.hibernate.type.BasicTypeRegistry     : Adding type registration long -> org.hibernate.type.LongType@38e445b0
2021-11-04 21:49:29.756 DEBUG 4428 --- [localhost-startStop-1] org.hibernate.type.BasicTypeRegistry     : Adding type registration long -> org.hibernate.type.LongType@38e445b0
2021-11-04 21:49:29.756 DEBUG 4428 --- [localhost-startStop-1] org.hibernate.type.BasicTypeRegistry     : Adding type registration java.lang.Long -> org.hibernate.type.LongType@38e445b0
2021-11-04 21:49:29.756 DEBUG 4428 --- [localhost-startStop-1] org.hibernate.type.BasicTypeRegistry     : Adding type registration float -> org.hibernate.type.FloatType@79d307f2
2021-11-04 21:49:29.756 DEBUG 4428 --- [localhost-startStop-1] org.hibernate.type.BasicTypeRegistry     : Adding type registration float -> org.hibernate.type.FloatType@79d307f2
2021-11-04 21:49:29.771 DEBUG 4428 --- [localhost-startStop-1] org.hibernate.type.BasicTypeRegistry     : Adding type registration java.lang.Float -> org.hibernate.type.FloatType@79d307f2
2021-11-04 21:49:29.771 DEBUG 4428 --- [localhost-startStop-1] org.hibernate.type.BasicTypeRegistry     : Adding type registration double -> org.hibernate.type.DoubleType@153b671b
2021-11-04 21:49:29.771 DEBUG 4428 --- [localhost-startStop-1] org.hibernate.type.BasicTypeRegistry     : Adding type registration double -> org.hibernate.type.DoubleType@153b671b
2021-11-04 21:49:29.771 DEBUG 4428 --- [localhost-startStop-1] org.hibernate.type.BasicTypeRegistry     : Adding type registration java.lang.Double -> org.hibernate.type.DoubleType@153b671b
2021-11-04 21:49:29.771 DEBUG 4428 --- [localhost-startStop-1] org.hibernate.type.BasicTypeRegistry     : Adding type registration big_decimal -> org.hibernate.type.BigDecimalType@4b87c1ba
2021-11-04 21:49:29.771 DEBUG 4428 --- [localhost-startStop-1] org.hibernate.type.BasicTypeRegistry     : Adding type registration java.math.BigDecimal -> org.hibernate.type.BigDecimalType@4b87c1ba
2021-11-04 21:49:29.771 DEBUG 4428 --- [localhost-startStop-1] org.hibernate.type.BasicTypeRegistry     : Adding type registration big_integer -> org.hibernate.type.BigIntegerType@16fc8e8b
2021-11-04 21:49:29.771 DEBUG 4428 --- [localhost-startStop-1] org.hibernate.type.BasicTypeRegistry     : Adding type registration java.math.BigInteger -> org.hibernate.type.BigIntegerType@16fc8e8b
2021-11-04 21:49:29.771 DEBUG 4428 --- [localhost-startStop-1] org.hibernate.type.BasicTypeRegistry     : Adding type registration string -> org.hibernate.type.StringType@7e7f5c51
2021-11-04 21:49:29.771 DEBUG 4428 --- [localhost-startStop-1] org.hibernate.type.BasicTypeRegistry     : Adding type registration java.lang.String -> org.hibernate.type.StringType@7e7f5c51
2021-11-04 21:49:29.771 DEBUG 4428 --- [localhost-startStop-1] org.hibernate.type.BasicTypeRegistry     : Adding type registration nstring -> org.hibernate.type.StringNVarcharType@482ad709
2021-11-04 21:49:29.771 DEBUG 4428 --- [localhost-startStop-1] org.hibernate.type.BasicTypeRegistry     : Adding type registration ncharacter -> org.hibernate.type.CharacterNCharType@d69816b
2021-11-04 21:49:29.771 DEBUG 4428 --- [localhost-startStop-1] org.hibernate.type.BasicTypeRegistry     : Adding type registration url -> org.hibernate.type.UrlType@73882922
2021-11-04 21:49:29.787 DEBUG 4428 --- [localhost-startStop-1] org.hibernate.type.BasicTypeRegistry     : Adding type registration java.net.URL -> org.hibernate.type.UrlType@73882922
2021-11-04 21:49:29.787 DEBUG 4428 --- [localhost-startStop-1] org.hibernate.type.BasicTypeRegistry     : Adding type registration Duration -> org.hibernate.type.DurationType@36ef3510
2021-11-04 21:49:29.787 DEBUG 4428 --- [localhost-startStop-1] org.hibernate.type.BasicTypeRegistry     : Adding type registration java.time.Duration -> org.hibernate.type.DurationType@36ef3510
2021-11-04 21:49:29.787 DEBUG 4428 --- [localhost-startStop-1] org.hibernate.type.BasicTypeRegistry     : Adding type registration Instant -> org.hibernate.type.InstantType@e1ae1e2
2021-11-04 21:49:29.787 DEBUG 4428 --- [localhost-startStop-1] org.hibernate.type.BasicTypeRegistry     : Adding type registration java.time.Instant -> org.hibernate.type.InstantType@e1ae1e2
2021-11-04 21:49:29.787 DEBUG 4428 --- [localhost-startStop-1] org.hibernate.type.BasicTypeRegistry     : Adding type registration LocalDateTime -> org.hibernate.type.LocalDateTimeType@6cf2a265
2021-11-04 21:49:29.787 DEBUG 4428 --- [localhost-startStop-1] org.hibernate.type.BasicTypeRegistry     : Adding type registration java.time.LocalDateTime -> org.hibernate.type.LocalDateTimeType@6cf2a265
2021-11-04 21:49:29.787 DEBUG 4428 --- [localhost-startStop-1] org.hibernate.type.BasicTypeRegistry     : Adding type registration LocalDate -> org.hibernate.type.LocalDateType@137e5a29
2021-11-04 21:49:29.787 DEBUG 4428 --- [localhost-startStop-1] org.hibernate.type.BasicTypeRegistry     : Adding type registration java.time.LocalDate -> org.hibernate.type.LocalDateType@137e5a29
2021-11-04 21:49:29.787 DEBUG 4428 --- [localhost-startStop-1] org.hibernate.type.BasicTypeRegistry     : Adding type registration LocalTime -> org.hibernate.type.LocalTimeType@761d3ef2
2021-11-04 21:49:29.787 DEBUG 4428 --- [localhost-startStop-1] org.hibernate.type.BasicTypeRegistry     : Adding type registration java.time.LocalTime -> org.hibernate.type.LocalTimeType@761d3ef2
2021-11-04 21:49:29.787 DEBUG 4428 --- [localhost-startStop-1] org.hibernate.type.BasicTypeRegistry     : Adding type registration OffsetDateTime -> org.hibernate.type.OffsetDateTimeType@3e4f49ad
2021-11-04 21:49:29.787 DEBUG 4428 --- [localhost-startStop-1] org.hibernate.type.BasicTypeRegistry     : Adding type registration java.time.OffsetDateTime -> org.hibernate.type.OffsetDateTimeType@3e4f49ad
2021-11-04 21:49:29.803 DEBUG 4428 --- [localhost-startStop-1] org.hibernate.type.BasicTypeRegistry     : Adding type registration OffsetTime -> org.hibernate.type.OffsetTimeType@482a347b
2021-11-04 21:49:29.803 DEBUG 4428 --- [localhost-startStop-1] org.hibernate.type.BasicTypeRegistry     : Adding type registration java.time.OffsetTime -> org.hibernate.type.OffsetTimeType@482a347b
2021-11-04 21:49:29.803 DEBUG 4428 --- [localhost-startStop-1] org.hibernate.type.BasicTypeRegistry     : Adding type registration ZonedDateTime -> org.hibernate.type.ZonedDateTimeType@4a53b280
2021-11-04 21:49:29.803 DEBUG 4428 --- [localhost-startStop-1] org.hibernate.type.BasicTypeRegistry     : Adding type registration java.time.ZonedDateTime -> org.hibernate.type.ZonedDateTimeType@4a53b280
2021-11-04 21:49:29.803 DEBUG 4428 --- [localhost-startStop-1] org.hibernate.type.BasicTypeRegistry     : Adding type registration date -> org.hibernate.type.DateType@2705b548
2021-11-04 21:49:29.803 DEBUG 4428 --- [localhost-startStop-1] org.hibernate.type.BasicTypeRegistry     : Adding type registration java.sql.Date -> org.hibernate.type.DateType@2705b548
2021-11-04 21:49:29.803 DEBUG 4428 --- [localhost-startStop-1] org.hibernate.type.BasicTypeRegistry     : Adding type registration time -> org.hibernate.type.TimeType@7bb47a5b
2021-11-04 21:49:29.803 DEBUG 4428 --- [localhost-startStop-1] org.hibernate.type.BasicTypeRegistry     : Adding type registration java.sql.Time -> org.hibernate.type.TimeType@7bb47a5b
2021-11-04 21:49:29.803 DEBUG 4428 --- [localhost-startStop-1] org.hibernate.type.BasicTypeRegistry     : Adding type registration timestamp -> org.hibernate.type.TimestampType@7741c1f1
2021-11-04 21:49:29.803 DEBUG 4428 --- [localhost-startStop-1] org.hibernate.type.BasicTypeRegistry     : Adding type registration java.sql.Timestamp -> org.hibernate.type.TimestampType@7741c1f1
2021-11-04 21:49:29.803 DEBUG 4428 --- [localhost-startStop-1] org.hibernate.type.BasicTypeRegistry     : Adding type registration java.util.Date -> org.hibernate.type.TimestampType@7741c1f1
2021-11-04 21:49:29.818 DEBUG 4428 --- [localhost-startStop-1] org.hibernate.type.BasicTypeRegistry     : Adding type registration dbtimestamp -> org.hibernate.type.DbTimestampType@572f250d
2021-11-04 21:49:29.818 DEBUG 4428 --- [localhost-startStop-1] org.hibernate.type.BasicTypeRegistry     : Adding type registration calendar -> org.hibernate.type.CalendarType@343eb41c
2021-11-04 21:49:29.818 DEBUG 4428 --- [localhost-startStop-1] org.hibernate.type.BasicTypeRegistry     : Adding type registration java.util.Calendar -> org.hibernate.type.CalendarType@343eb41c
2021-11-04 21:49:29.818 DEBUG 4428 --- [localhost-startStop-1] org.hibernate.type.BasicTypeRegistry     : Adding type registration java.util.GregorianCalendar -> org.hibernate.type.CalendarType@343eb41c
2021-11-04 21:49:29.818 DEBUG 4428 --- [localhost-startStop-1] org.hibernate.type.BasicTypeRegistry     : Adding type registration calendar_date -> org.hibernate.type.CalendarDateType@25aad01b
2021-11-04 21:49:29.818 DEBUG 4428 --- [localhost-startStop-1] org.hibernate.type.BasicTypeRegistry     : Adding type registration locale -> org.hibernate.type.LocaleType@2ce93cc2
2021-11-04 21:49:29.818 DEBUG 4428 --- [localhost-startStop-1] org.hibernate.type.BasicTypeRegistry     : Adding type registration java.util.Locale -> org.hibernate.type.LocaleType@2ce93cc2
2021-11-04 21:49:29.818 DEBUG 4428 --- [localhost-startStop-1] org.hibernate.type.BasicTypeRegistry     : Adding type registration currency -> org.hibernate.type.CurrencyType@27958004
2021-11-04 21:49:29.818 DEBUG 4428 --- [localhost-startStop-1] org.hibernate.type.BasicTypeRegistry     : Adding type registration java.util.Currency -> org.hibernate.type.CurrencyType@27958004
2021-11-04 21:49:29.818 DEBUG 4428 --- [localhost-startStop-1] org.hibernate.type.BasicTypeRegistry     : Adding type registration timezone -> org.hibernate.type.TimeZoneType@2427e474
2021-11-04 21:49:29.818 DEBUG 4428 --- [localhost-startStop-1] org.hibernate.type.BasicTypeRegistry     : Adding type registration java.util.TimeZone -> org.hibernate.type.TimeZoneType@2427e474
2021-11-04 21:49:29.818 DEBUG 4428 --- [localhost-startStop-1] org.hibernate.type.BasicTypeRegistry     : Adding type registration class -> org.hibernate.type.ClassType@24706c2b
2021-11-04 21:49:29.818 DEBUG 4428 --- [localhost-startStop-1] org.hibernate.type.BasicTypeRegistry     : Adding type registration java.lang.Class -> org.hibernate.type.ClassType@24706c2b
2021-11-04 21:49:29.834 DEBUG 4428 --- [localhost-startStop-1] org.hibernate.type.BasicTypeRegistry     : Adding type registration uuid-binary -> org.hibernate.type.UUIDBinaryType@1b3afe1f
2021-11-04 21:49:29.834 DEBUG 4428 --- [localhost-startStop-1] org.hibernate.type.BasicTypeRegistry     : Adding type registration java.util.UUID -> org.hibernate.type.UUIDBinaryType@1b3afe1f
2021-11-04 21:49:29.834 DEBUG 4428 --- [localhost-startStop-1] org.hibernate.type.BasicTypeRegistry     : Adding type registration uuid-char -> org.hibernate.type.UUIDCharType@10cb179d
2021-11-04 21:49:29.834 DEBUG 4428 --- [localhost-startStop-1] org.hibernate.type.BasicTypeRegistry     : Adding type registration binary -> org.hibernate.type.BinaryType@3d23fe04
2021-11-04 21:49:29.834 DEBUG 4428 --- [localhost-startStop-1] org.hibernate.type.BasicTypeRegistry     : Adding type registration byte[] -> org.hibernate.type.BinaryType@3d23fe04
2021-11-04 21:49:29.834 DEBUG 4428 --- [localhost-startStop-1] org.hibernate.type.BasicTypeRegistry     : Adding type registration [B -> org.hibernate.type.BinaryType@3d23fe04
2021-11-04 21:49:29.834 DEBUG 4428 --- [localhost-startStop-1] org.hibernate.type.BasicTypeRegistry     : Adding type registration wrapper-binary -> org.hibernate.type.WrapperBinaryType@3ba2237
2021-11-04 21:49:29.834 DEBUG 4428 --- [localhost-startStop-1] org.hibernate.type.BasicTypeRegistry     : Adding type registration Byte[] -> org.hibernate.type.WrapperBinaryType@3ba2237
2021-11-04 21:49:29.834 DEBUG 4428 --- [localhost-startStop-1] org.hibernate.type.BasicTypeRegistry     : Adding type registration [Ljava.lang.Byte; -> org.hibernate.type.WrapperBinaryType@3ba2237
2021-11-04 21:49:29.834 DEBUG 4428 --- [localhost-startStop-1] org.hibernate.type.BasicTypeRegistry     : Adding type registration row_version -> org.hibernate.type.RowVersionType@dd42d2b
2021-11-04 21:49:29.834 DEBUG 4428 --- [localhost-startStop-1] org.hibernate.type.BasicTypeRegistry     : Adding type registration image -> org.hibernate.type.ImageType@62602ba2
2021-11-04 21:49:29.834 DEBUG 4428 --- [localhost-startStop-1] org.hibernate.type.BasicTypeRegistry     : Adding type registration characters -> org.hibernate.type.CharArrayType@3ce72eed
2021-11-04 21:49:29.834 DEBUG 4428 --- [localhost-startStop-1] org.hibernate.type.BasicTypeRegistry     : Adding type registration char[] -> org.hibernate.type.CharArrayType@3ce72eed
2021-11-04 21:49:29.834 DEBUG 4428 --- [localhost-startStop-1] org.hibernate.type.BasicTypeRegistry     : Adding type registration [C -> org.hibernate.type.CharArrayType@3ce72eed
2021-11-04 21:49:29.834 DEBUG 4428 --- [localhost-startStop-1] org.hibernate.type.BasicTypeRegistry     : Adding type registration wrapper-characters -> org.hibernate.type.CharacterArrayType@79192bfe
2021-11-04 21:49:29.834 DEBUG 4428 --- [localhost-startStop-1] org.hibernate.type.BasicTypeRegistry     : Adding type registration [Ljava.lang.Character; -> org.hibernate.type.CharacterArrayType@79192bfe
2021-11-04 21:49:29.834 DEBUG 4428 --- [localhost-startStop-1] org.hibernate.type.BasicTypeRegistry     : Adding type registration Character[] -> org.hibernate.type.CharacterArrayType@79192bfe
2021-11-04 21:49:29.834 DEBUG 4428 --- [localhost-startStop-1] org.hibernate.type.BasicTypeRegistry     : Adding type registration text -> org.hibernate.type.TextType@2171dfb1
2021-11-04 21:49:29.834 DEBUG 4428 --- [localhost-startStop-1] org.hibernate.type.BasicTypeRegistry     : Adding type registration ntext -> org.hibernate.type.NTextType@5a1e118d
2021-11-04 21:49:29.850 DEBUG 4428 --- [localhost-startStop-1] org.hibernate.type.BasicTypeRegistry     : Adding type registration blob -> org.hibernate.type.BlobType@414fc62b
2021-11-04 21:49:29.850 DEBUG 4428 --- [localhost-startStop-1] org.hibernate.type.BasicTypeRegistry     : Adding type registration java.sql.Blob -> org.hibernate.type.BlobType@414fc62b
2021-11-04 21:49:29.850 DEBUG 4428 --- [localhost-startStop-1] org.hibernate.type.BasicTypeRegistry     : Adding type registration materialized_blob -> org.hibernate.type.MaterializedBlobType@494ec5eb
2021-11-04 21:49:29.850 DEBUG 4428 --- [localhost-startStop-1] org.hibernate.type.BasicTypeRegistry     : Adding type registration clob -> org.hibernate.type.ClobType@23014f3a
2021-11-04 21:49:29.850 DEBUG 4428 --- [localhost-startStop-1] org.hibernate.type.BasicTypeRegistry     : Adding type registration java.sql.Clob -> org.hibernate.type.ClobType@23014f3a
2021-11-04 21:49:29.850 DEBUG 4428 --- [localhost-startStop-1] org.hibernate.type.BasicTypeRegistry     : Adding type registration nclob -> org.hibernate.type.NClobType@42eae1a7
2021-11-04 21:49:29.850 DEBUG 4428 --- [localhost-startStop-1] org.hibernate.type.BasicTypeRegistry     : Adding type registration java.sql.NClob -> org.hibernate.type.NClobType@42eae1a7
2021-11-04 21:49:29.850 DEBUG 4428 --- [localhost-startStop-1] org.hibernate.type.BasicTypeRegistry     : Adding type registration materialized_clob -> org.hibernate.type.MaterializedClobType@5fe141ac
2021-11-04 21:49:29.850 DEBUG 4428 --- [localhost-startStop-1] org.hibernate.type.BasicTypeRegistry     : Adding type registration materialized_nclob -> org.hibernate.type.MaterializedNClobType@4169fdc6
2021-11-04 21:49:29.850 DEBUG 4428 --- [localhost-startStop-1] org.hibernate.type.BasicTypeRegistry     : Adding type registration serializable -> org.hibernate.type.SerializableType@381f7f2
2021-11-04 21:49:29.865 DEBUG 4428 --- [localhost-startStop-1] org.hibernate.type.BasicTypeRegistry     : Adding type registration object -> org.hibernate.type.ObjectType@717b4c
2021-11-04 21:49:29.865 DEBUG 4428 --- [localhost-startStop-1] org.hibernate.type.BasicTypeRegistry     : Adding type registration java.lang.Object -> org.hibernate.type.ObjectType@717b4c
2021-11-04 21:49:29.865 DEBUG 4428 --- [localhost-startStop-1] org.hibernate.type.BasicTypeRegistry     : Adding type registration imm_date -> org.hibernate.type.AdaptedImmutableType@17f13a21
2021-11-04 21:49:29.865 DEBUG 4428 --- [localhost-startStop-1] org.hibernate.type.BasicTypeRegistry     : Adding type registration imm_time -> org.hibernate.type.AdaptedImmutableType@1c518888
2021-11-04 21:49:29.865 DEBUG 4428 --- [localhost-startStop-1] org.hibernate.type.BasicTypeRegistry     : Adding type registration imm_timestamp -> org.hibernate.type.AdaptedImmutableType@7e33214c
2021-11-04 21:49:29.865 DEBUG 4428 --- [localhost-startStop-1] org.hibernate.type.BasicTypeRegistry     : Adding type registration imm_dbtimestamp -> org.hibernate.type.AdaptedImmutableType@118a6b83
2021-11-04 21:49:29.865 DEBUG 4428 --- [localhost-startStop-1] org.hibernate.type.BasicTypeRegistry     : Adding type registration imm_calendar -> org.hibernate.type.AdaptedImmutableType@f347ba1
2021-11-04 21:49:29.865 DEBUG 4428 --- [localhost-startStop-1] org.hibernate.type.BasicTypeRegistry     : Adding type registration imm_calendar_date -> org.hibernate.type.AdaptedImmutableType@1fb1b707
2021-11-04 21:49:29.865 DEBUG 4428 --- [localhost-startStop-1] org.hibernate.type.BasicTypeRegistry     : Adding type registration imm_binary -> org.hibernate.type.AdaptedImmutableType@786fccfc
2021-11-04 21:49:29.865 DEBUG 4428 --- [localhost-startStop-1] org.hibernate.type.BasicTypeRegistry     : Adding type registration imm_serializable -> org.hibernate.type.AdaptedImmutableType@3afb7601
2021-11-04 21:49:29.881  INFO 4428 --- [localhost-startStop-1] org.hibernate.dialect.Dialect            : HHH000400: Using dialect: org.hibernate.dialect.MySQL5Dialect
2021-11-04 21:49:30.369 TRACE 4428 --- [localhost-startStop-1] org.hibernate.type.TypeFactory           : Scoping types to session factory org.hibernate.internal.SessionFactoryImpl@2f3e2a23
2021-11-04 21:49:31.056 DEBUG 4428 --- [localhost-startStop-1] org.hibernate.SQL                        : alter table choice add constraint FKcaq6r76cswke5b9fk6fyx3y5w foreign key (question_id) references question (id)
2021-11-04 21:49:31.322 DEBUG 4428 --- [localhost-startStop-1] org.hibernate.SQL                        : alter table course_intake add constraint FKan8tncye00ffyt8dowyfw7ojs foreign key (intake_id) references intake (id)
2021-11-04 21:49:31.415 DEBUG 4428 --- [localhost-startStop-1] org.hibernate.SQL                        : alter table course_intake add constraint FKji22iedtllc5etdcuqwnvucyr foreign key (course_id) references course (id)
2021-11-04 21:49:31.494 DEBUG 4428 --- [localhost-startStop-1] org.hibernate.SQL                        : alter table exam add constraint FKn532brmq33lmdtkitoilmi80h foreign key (created_by_id) references users (id)
2021-11-04 21:49:31.572 DEBUG 4428 --- [localhost-startStop-1] org.hibernate.SQL                        : alter table exam add constraint FK63a66i6bhnrb0r4jxa433oy4d foreign key (last_modified_by_id) references users (id)
2021-11-04 21:49:31.650 DEBUG 4428 --- [localhost-startStop-1] org.hibernate.SQL                        : alter table exam add constraint FKp5vlkv6hupefokqlkqes6adaq foreign key (intake_id) references intake (id)
2021-11-04 21:49:31.728 DEBUG 4428 --- [localhost-startStop-1] org.hibernate.SQL                        : alter table exam add constraint FK6gn733myw9089bt1byf73ywvk foreign key (part_id) references part (id)
2021-11-04 21:49:31.822 DEBUG 4428 --- [localhost-startStop-1] org.hibernate.SQL                        : alter table exam_user add constraint FKpvet665enmcbtnoecju2epqmp foreign key (exam_id) references exam (id)
2021-11-04 21:49:31.900 DEBUG 4428 --- [localhost-startStop-1] org.hibernate.SQL                        : alter table exam_user add constraint FKf4k82qyfrltw832j76mfq4pgg foreign key (user_id) references users (id)
2021-11-04 21:49:31.978 DEBUG 4428 --- [localhost-startStop-1] org.hibernate.SQL                        : alter table part add constraint FKtnwvrwb4t7082shtwnu2llxb8 foreign key (course_id) references course (id)
2021-11-04 21:49:32.072 DEBUG 4428 --- [localhost-startStop-1] org.hibernate.SQL                        : alter table password_reset_tokens add constraint FKk3ndxg5xp6v7wd4gjyusp15gq foreign key (user_id) references users (id)
2021-11-04 21:49:32.197 DEBUG 4428 --- [localhost-startStop-1] org.hibernate.SQL                        : alter table question add constraint FKg2l13mx3l3600hci5cxlgm4r8 foreign key (created_by_id) references users (id)
2021-11-04 21:49:32.275 DEBUG 4428 --- [localhost-startStop-1] org.hibernate.SQL                        : alter table question add constraint FKkoa1htu17jtq679exs0s7ekvu foreign key (last_modified_by_id) references users (id)
2021-11-04 21:49:32.353 DEBUG 4428 --- [localhost-startStop-1] org.hibernate.SQL                        : alter table question add constraint FKhhgpexaoh3njc4r07qhnal3wm foreign key (part_id) references part (id)
2021-11-04 21:49:32.415 DEBUG 4428 --- [localhost-startStop-1] org.hibernate.SQL                        : alter table question add constraint FK7svspov4rexjawqdvi2jni81u foreign key (question_type_id) references question_type (id)
2021-11-04 21:49:32.494 DEBUG 4428 --- [localhost-startStop-1] org.hibernate.SQL                        : alter table role_user add constraint FKiqpmjd2qb4rdkej916ymonic6 foreign key (role_id) references role (id)
2021-11-04 21:49:32.572 DEBUG 4428 --- [localhost-startStop-1] org.hibernate.SQL                        : alter table role_user add constraint FKhvai2k29vlwpt9wod4sw4ghmn foreign key (user_id) references users (id)
2021-11-04 21:49:32.697 DEBUG 4428 --- [localhost-startStop-1] org.hibernate.SQL                        : alter table users add constraint FKoyj5ikudsy54xbe8yl82mhquy foreign key (intake_id) references intake (id)
2021-11-04 21:49:32.775 DEBUG 4428 --- [localhost-startStop-1] org.hibernate.SQL                        : alter table users add constraint FK5q3e9303ap1wvtia6sft7ht1s foreign key (profile_id) references profile (id)
2021-11-04 21:49:32.837  INFO 4428 --- [localhost-startStop-1] j.LocalContainerEntityManagerFactoryBean : Initialized JPA EntityManagerFactory for persistence unit 'default'
2021-11-04 21:49:33.572  INFO 4428 --- [localhost-startStop-1] o.s.b.w.servlet.FilterRegistrationBean   : Mapping filter: 'characterEncodingFilter' to: [/*]
2021-11-04 21:49:33.572  INFO 4428 --- [localhost-startStop-1] o.s.b.w.servlet.FilterRegistrationBean   : Mapping filter: 'hiddenHttpMethodFilter' to: [/*]
2021-11-04 21:49:33.572  INFO 4428 --- [localhost-startStop-1] o.s.b.w.servlet.FilterRegistrationBean   : Mapping filter: 'httpPutFormContentFilter' to: [/*]
2021-11-04 21:49:33.572  INFO 4428 --- [localhost-startStop-1] o.s.b.w.servlet.FilterRegistrationBean   : Mapping filter: 'requestContextFilter' to: [/*]
2021-11-04 21:49:33.572  INFO 4428 --- [localhost-startStop-1] .s.DelegatingFilterProxyRegistrationBean : Mapping filter: 'springSecurityFilterChain' to: [/*]
2021-11-04 21:49:33.572  INFO 4428 --- [localhost-startStop-1] o.s.b.w.servlet.FilterRegistrationBean   : Mapping filter: 'authenticationJwtTokenFilter' to: [/*]
2021-11-04 21:49:33.572  INFO 4428 --- [localhost-startStop-1] o.s.b.w.servlet.ServletRegistrationBean  : Servlet dispatcherServlet mapped to [/]
2021-11-04 21:49:35.790  INFO 4428 --- [restartedMain] o.s.w.s.handler.SimpleUrlHandlerMapping  : Mapped URL path [/**/favicon.ico] onto handler of type [class org.springframework.web.servlet.resource.ResourceHttpRequestHandler]
2021-11-04 21:49:35.884  INFO 4428 --- [restartedMain] s.w.s.m.m.a.RequestMappingHandlerMapping : Mapped "{[/api/auth/signin],methods=[POST]}" onto public org.springframework.http.ResponseEntity<?> com.thanhtam.backend.controller.AuthenticationController.authenticateUser(com.thanhtam.backend.dto.LoginUser)
2021-11-04 21:49:35.884  INFO 4428 --- [restartedMain] s.w.s.m.m.a.RequestMappingHandlerMapping : Mapped "{[/api/auth/password-reset],methods=[POST]}" onto public com.thanhtam.backend.dto.OperationStatusDto com.thanhtam.backend.controller.AuthenticationController.resetPassword(com.thanhtam.backend.dto.PasswordResetDto)
2021-11-04 21:49:35.884  INFO 4428 --- [restartedMain] s.w.s.m.m.a.RequestMappingHandlerMapping : Mapped "{[/api/auth/password-reset-request],methods=[POST]}" onto public com.thanhtam.backend.dto.OperationStatusDto com.thanhtam.backend.controller.AuthenticationController.resetPasswordRequest(com.thanhtam.backend.dto.PasswordResetRequest) throws javax.mail.MessagingException
2021-11-04 21:49:35.884  INFO 4428 --- [restartedMain] s.w.s.m.m.a.RequestMappingHandlerMapping : Mapped "{[/api/charts/courses],methods=[GET]}" onto public java.util.List<com.thanhtam.backend.dto.CourseChart> com.thanhtam.backend.controller.ChartController.getCourseChart()
2021-11-04 21:49:35.900  INFO 4428 --- [restartedMain] s.w.s.m.m.a.RequestMappingHandlerMapping : Mapped "{[/api/intakes/{intakeId}/courses],methods=[GET]}" onto public java.util.List<com.thanhtam.backend.entity.Course> com.thanhtam.backend.controller.CourseController.findAllByIntakeId(java.lang.Long)
2021-11-04 21:49:35.900  INFO 4428 --- [restartedMain] s.w.s.m.m.a.RequestMappingHandlerMapping : Mapped "{[/api/courses],methods=[GET]}" onto public com.thanhtam.backend.dto.PageResult com.thanhtam.backend.controller.CourseController.getCourseListByPage(org.springframework.data.domain.Pageable)
2021-11-04 21:49:35.900  INFO 4428 --- [restartedMain] s.w.s.m.m.a.RequestMappingHandlerMapping : Mapped "{[/api/courses/{id}],methods=[PATCH]}" onto public org.springframework.http.ResponseEntity<?> com.thanhtam.backend.controller.CourseController.updateCourse(com.thanhtam.backend.entity.Course,java.lang.Long)
2021-11-04 21:49:35.900  INFO 4428 --- [restartedMain] s.w.s.m.m.a.RequestMappingHandlerMapping : Mapped "{[/api/courses/{id}/check-course-code],methods=[GET]}" onto public boolean com.thanhtam.backend.controller.CourseController.checkCourseCode(java.lang.String,java.lang.Long)
2021-11-04 21:49:35.900  INFO 4428 --- [restartedMain] s.w.s.m.m.a.RequestMappingHandlerMapping : Mapped "{[/api/courses/{id}],methods=[DELETE]}" onto public org.springframework.http.ResponseEntity<?> com.thanhtam.backend.controller.CourseController.deleteCourse(java.lang.Long)
2021-11-04 21:49:35.900  INFO 4428 --- [restartedMain] s.w.s.m.m.a.RequestMappingHandlerMapping : Mapped "{[/api/courses],methods=[POST]}" onto public org.springframework.http.ResponseEntity<java.lang.Object> com.thanhtam.backend.controller.CourseController.createCourse(com.thanhtam.backend.entity.Course)
2021-11-04 21:49:35.900  INFO 4428 --- [restartedMain] s.w.s.m.m.a.RequestMappingHandlerMapping : Mapped "{[/api/courses/check-course-code],methods=[GET]}" onto public boolean com.thanhtam.backend.controller.CourseController.checkCode(java.lang.String)
2021-11-04 21:49:35.900  INFO 4428 --- [restartedMain] s.w.s.m.m.a.RequestMappingHandlerMapping : Mapped "{[/api/course-list],methods=[GET]}" onto public java.util.List<com.thanhtam.backend.entity.Course> com.thanhtam.backend.controller.CourseController.getAllCourse()
2021-11-04 21:49:35.900  INFO 4428 --- [restartedMain] s.w.s.m.m.a.RequestMappingHandlerMapping : Mapped "{[/api/courses/part/{partId}],methods=[GET]}" onto public com.thanhtam.backend.entity.Course com.thanhtam.backend.controller.CourseController.getCourseByPart(java.lang.Long)
2021-11-04 21:49:35.900  INFO 4428 --- [restartedMain] s.w.s.m.m.a.RequestMappingHandlerMapping : Mapped "{[/api/courses/{id}],methods=[GET]}" onto public org.springframework.http.ResponseEntity<?> com.thanhtam.backend.controller.CourseController.getCourseById(java.lang.Long)
2021-11-04 21:49:35.900  INFO 4428 --- [restartedMain] s.w.s.m.m.a.RequestMappingHandlerMapping : Mapped "{[/api/send-email],methods=[POST]}" onto public void com.thanhtam.backend.controller.EmailController.sendEmail(com.thanhtam.backend.entity.Email) throws java.lang.Exception
2021-11-04 21:49:35.915  INFO 4428 --- [restartedMain] s.w.s.m.m.a.RequestMappingHandlerMapping : Mapped "{[/api/exams/{examId}/result/all/question-report],methods=[GET]}" onto public org.springframework.http.ResponseEntity com.thanhtam.backend.controller.ExamController.getResultExamQuestionsReport(java.lang.Long) throws java.io.IOException
2021-11-04 21:49:35.915  INFO 4428 --- [restartedMain] s.w.s.m.m.a.RequestMappingHandlerMapping : Mapped "{[/api/exams/{examId}/users/{username}/result],methods=[GET]}" onto public org.springframework.http.ResponseEntity com.thanhtam.backend.controller.ExamController.getResultExamByUser(java.lang.Long,java.lang.String) throws java.io.IOException
2021-11-04 21:49:35.915  INFO 4428 --- [restartedMain] s.w.s.m.m.a.RequestMappingHandlerMapping : Mapped "{[/api/exam/{id}/question-text],methods=[GET]}" onto public java.util.List<com.thanhtam.backend.dto.ExamDetail> com.thanhtam.backend.controller.ExamController.getQuestionTextByExamId(java.lang.Long) throws java.io.IOException
2021-11-04 21:49:35.915  INFO 4428 --- [restartedMain] s.w.s.m.m.a.RequestMappingHandlerMapping : Mapped "{[/api/exams/{examId}/questions-by-user],methods=[PUT]}" onto public void com.thanhtam.backend.controller.ExamController.saveUserExamAnswer(java.util.List<com.thanhtam.backend.dto.AnswerSheet>,java.lang.Long,boolean,int) throws com.fasterxml.jackson.core.JsonProcessingException
2021-11-04 21:49:35.915  INFO 4428 --- [restartedMain] s.w.s.m.m.a.RequestMappingHandlerMapping : Mapped "{[/api/exams/list-all-by-user],methods=[GET]}" onto public org.springframework.http.ResponseEntity<java.util.List<com.thanhtam.backend.entity.ExamUser>> com.thanhtam.backend.controller.ExamController.getAllByUser()
2021-11-04 21:49:35.915  INFO 4428 --- [restartedMain] s.w.s.m.m.a.RequestMappingHandlerMapping : Mapped "{[/api/exams],methods=[GET]}" onto public com.thanhtam.backend.dto.PageResult com.thanhtam.backend.controller.ExamController.getExamsByPage(org.springframework.data.domain.Pageable)
2021-11-04 21:49:35.915  INFO 4428 --- [restartedMain] s.w.s.m.m.a.RequestMappingHandlerMapping : Mapped "{[/api/exams/exam-user/{examId}],methods=[GET]}" onto public org.springframework.http.ResponseEntity<com.thanhtam.backend.entity.ExamUser> com.thanhtam.backend.controller.ExamController.getExamUserById(java.lang.Long) throws java.text.ParseException
2021-11-04 21:49:35.915  INFO 4428 --- [restartedMain] s.w.s.m.m.a.RequestMappingHandlerMapping : Mapped "{[/api/exams/{examId}/result],methods=[GET]}" onto public org.springframework.http.ResponseEntity com.thanhtam.backend.controller.ExamController.getResultExam(java.lang.Long) throws java.io.IOException
2021-11-04 21:49:35.915  INFO 4428 --- [restartedMain] s.w.s.m.m.a.RequestMappingHandlerMapping : Mapped "{[/api/exams/schedule],methods=[GET]}" onto public java.util.List<com.thanhtam.backend.dto.ExamCalendar> com.thanhtam.backend.controller.ExamController.getExamCalendar()
2021-11-04 21:49:35.915  INFO 4428 --- [restartedMain] s.w.s.m.m.a.RequestMappingHandlerMapping : Mapped "{[/api/exams/{examId}/result/all],methods=[GET]}" onto public org.springframework.http.ResponseEntity com.thanhtam.backend.controller.ExamController.getResultExamAll(java.lang.Long) throws java.io.IOException
2021-11-04 21:49:35.915  INFO 4428 --- [restartedMain] s.w.s.m.m.a.RequestMappingHandlerMapping : Mapped "{[/api/exams/{id}/cancel],methods=[GET]}" onto public void com.thanhtam.backend.controller.ExamController.cancelExam(java.lang.Long)
2021-11-04 21:49:35.931  INFO 4428 --- [restartedMain] s.w.s.m.m.a.RequestMappingHandlerMapping : Mapped "{[/api/exams],methods=[POST]}" onto public org.springframework.http.ResponseEntity<?> com.thanhtam.backend.controller.ExamController.createExam(com.thanhtam.backend.entity.Exam,java.lang.Long,java.lang.Long,boolean,boolean)
2021-11-04 21:49:35.931  INFO 4428 --- [restartedMain] s.w.s.m.m.a.RequestMappingHandlerMapping : Mapped "{[/api/exams/{id}],methods=[GET]}" onto public org.springframework.http.ResponseEntity<com.thanhtam.backend.entity.Exam> com.thanhtam.backend.controller.ExamController.getExamById(java.lang.Long)
2021-11-04 21:49:35.931  INFO 4428 --- [restartedMain] s.w.s.m.m.a.RequestMappingHandlerMapping : Mapped "{[/api/exams/{examId}/questions],methods=[GET]}" onto public org.springframework.http.ResponseEntity<com.thanhtam.backend.dto.ExamQuestionList> com.thanhtam.backend.controller.ExamController.getAllQuestions(java.lang.Long) throws java.io.IOException
2021-11-04 21:49:35.931  INFO 4428 --- [restartedMain] s.w.s.m.m.a.RequestMappingHandlerMapping : Mapped "{[/api/file/import/users],methods=[POST]}" onto public org.springframework.http.ResponseEntity<com.thanhtam.backend.dto.UserExcel> com.thanhtam.backend.controller.ExcelController.uploadUserToDB(org.springframework.web.multipart.MultipartFile) throws java.io.IOException
2021-11-04 21:49:35.931  INFO 4428 --- [restartedMain] s.w.s.m.m.a.RequestMappingHandlerMapping : Mapped "{[/api/aws/file/upload],methods=[POST]}" onto public java.lang.String com.thanhtam.backend.controller.FileAWSController.uploadMultipartFile(org.springframework.web.multipart.MultipartFile,java.lang.String)
2021-11-04 21:49:35.931  INFO 4428 --- [restartedMain] s.w.s.m.m.a.RequestMappingHandlerMapping : Mapped "{[/api/aws/file/upload/avatar],methods=[POST]}" onto public java.lang.String com.thanhtam.backend.controller.FileAWSController.uploadMultipartFile(org.springframework.web.multipart.MultipartFile) throws java.lang.Exception
2021-11-04 21:49:35.931  INFO 4428 --- [restartedMain] s.w.s.m.m.a.RequestMappingHandlerMapping : Mapped "{[/api/aws/file/upload/course],methods=[POST]}" onto public java.lang.String com.thanhtam.backend.controller.FileAWSController.uploadCourseImg(org.springframework.web.multipart.MultipartFile)
2021-11-04 21:49:35.931  INFO 4428 --- [restartedMain] s.w.s.m.m.a.RequestMappingHandlerMapping : Mapped "{[/api/aws/delete],methods=[DELETE]}" onto public org.springframework.http.ResponseEntity<java.lang.String> com.thanhtam.backend.controller.FileAWSController.deleteFile(java.lang.String)
2021-11-04 21:49:35.931  INFO 4428 --- [restartedMain] s.w.s.m.m.a.RequestMappingHandlerMapping : Mapped "{[/api/aws/file/all],methods=[GET]}" onto public java.util.List<java.lang.String> com.thanhtam.backend.controller.FileAWSController.listAllFiles()
2021-11-04 21:49:35.931  INFO 4428 --- [restartedMain] s.w.s.m.m.a.RequestMappingHandlerMapping : Mapped "{[/api/aws/file/{keyName}],methods=[GET]}" onto public org.springframework.http.ResponseEntity<byte[]> com.thanhtam.backend.controller.FileAWSController.downloadFile(java.lang.String)
2021-11-04 21:49:35.931  INFO 4428 --- [restartedMain] s.w.s.m.m.a.RequestMappingHandlerMapping : Mapped "{[/files/{filename:.+}],methods=[GET]}" onto public org.springframework.http.ResponseEntity<org.springframework.core.io.Resource> com.thanhtam.backend.controller.FileController.getFile(java.lang.String)
2021-11-04 21:49:35.931  INFO 4428 --- [restartedMain] s.w.s.m.m.a.RequestMappingHandlerMapping : Mapped "{[/files],methods=[GET]}" onto public org.springframework.http.ResponseEntity<java.util.List<com.thanhtam.backend.entity.FileInfo>> com.thanhtam.backend.controller.FileController.getListFiles()
2021-11-04 21:49:35.931  INFO 4428 --- [restartedMain] s.w.s.m.m.a.RequestMappingHandlerMapping : Mapped "{[/upload],methods=[POST]}" onto public org.springframework.http.ResponseEntity<com.thanhtam.backend.dto.ServiceResult> com.thanhtam.backend.controller.FileController.uploadFile(org.springframework.web.multipart.MultipartFile)
2021-11-04 21:49:35.931  INFO 4428 --- [restartedMain] s.w.s.m.m.a.RequestMappingHandlerMapping : Mapped "{[/api/intakes],methods=[GET]}" onto public java.util.List<com.thanhtam.backend.entity.Intake> com.thanhtam.backend.controller.IntakeController.getIntakeList()
2021-11-04 21:49:35.947  INFO 4428 --- [restartedMain] s.w.s.m.m.a.RequestMappingHandlerMapping : Mapped "{[/api/courses/{courseId}/parts],methods=[POST]}" onto public void com.thanhtam.backend.controller.PartController.createPartByCourse(com.thanhtam.backend.entity.Part,java.lang.Long)
2021-11-04 21:49:35.947  INFO 4428 --- [restartedMain] s.w.s.m.m.a.RequestMappingHandlerMapping : Mapped "{[/api/courses/{courseId}/parts],methods=[GET]}" onto public com.thanhtam.backend.dto.PageResult com.thanhtam.backend.controller.PartController.getPartListByCourse(org.springframework.data.domain.Pageable,java.lang.Long)
2021-11-04 21:49:35.947  INFO 4428 --- [restartedMain] s.w.s.m.m.a.RequestMappingHandlerMapping : Mapped "{[/api/courses/{courseId}/part-list],methods=[GET]}" onto public java.util.List<com.thanhtam.backend.entity.Part> com.thanhtam.backend.controller.PartController.getPartListByCourse(java.lang.Long)
2021-11-04 21:49:35.947  INFO 4428 --- [restartedMain] s.w.s.m.m.a.RequestMappingHandlerMapping : Mapped "{[/api/parts/{id}],methods=[PATCH]}" onto public org.springframework.http.ResponseEntity<?> com.thanhtam.backend.controller.PartController.updatePartName(java.lang.Long,java.lang.String)
2021-11-04 21:49:35.947  INFO 4428 --- [restartedMain] s.w.s.m.m.a.RequestMappingHandlerMapping : Mapped "{[/api/parts/{id}],methods=[GET]}" onto public org.springframework.http.ResponseEntity<?> com.thanhtam.backend.controller.PartController.getPartById(java.lang.Long)
2021-11-04 21:49:35.947  INFO 4428 --- [restartedMain] s.w.s.m.m.a.RequestMappingHandlerMapping : Mapped "{[/api/profiles],methods=[GET]}" onto public org.springframework.http.ResponseEntity<?> com.thanhtam.backend.controller.ProfileController.getAllProfiles()
2021-11-04 21:49:35.947  INFO 4428 --- [restartedMain] s.w.s.m.m.a.RequestMappingHandlerMapping : Mapped "{[/api/parts/{partId}/questions/false/deleted],methods=[GET]}" onto public com.thanhtam.backend.dto.PageResult com.thanhtam.backend.controller.QuestionController.getQuestionsByPartNotDeleted(org.springframework.data.domain.Pageable,java.lang.Long)
2021-11-04 21:49:35.947  INFO 4428 --- [restartedMain] s.w.s.m.m.a.RequestMappingHandlerMapping : Mapped "{[/api/parts/{partId}/questions],methods=[GET]}" onto public com.thanhtam.backend.dto.PageResult com.thanhtam.backend.controller.QuestionController.getQuestionsByPart(org.springframework.data.domain.Pageable,java.lang.Long)
2021-11-04 21:49:35.947  INFO 4428 --- [restartedMain] s.w.s.m.m.a.RequestMappingHandlerMapping : Mapped "{[/api/questions/{id}/deleted/{deleted}],methods=[GET]}" onto public org.springframework.http.ResponseEntity<?> com.thanhtam.backend.controller.QuestionController.deleteTempQuestion(java.lang.Long,boolean)
2021-11-04 21:49:35.947  INFO 4428 --- [restartedMain] s.w.s.m.m.a.RequestMappingHandlerMapping : Mapped "{[/api/question-types/{typeId}/questions],methods=[GET]}" onto public org.springframework.http.ResponseEntity<?> com.thanhtam.backend.controller.QuestionController.getQuestionByQuestionType(java.lang.Long)
2021-11-04 21:49:35.947  INFO 4428 --- [restartedMain] s.w.s.m.m.a.RequestMappingHandlerMapping : Mapped "{[/api/questions/{id}],methods=[GET]}" onto public org.springframework.http.ResponseEntity<?> com.thanhtam.backend.controller.QuestionController.getQuestionById(java.lang.Long)
2021-11-04 21:49:35.947  INFO 4428 --- [restartedMain] s.w.s.m.m.a.RequestMappingHandlerMapping : Mapped "{[/api/questions/{id}],methods=[PUT]}" onto public org.springframework.http.ResponseEntity<?> com.thanhtam.backend.controller.QuestionController.updateQuestion(com.thanhtam.backend.entity.Question,java.lang.Long)
2021-11-04 21:49:35.947  INFO 4428 --- [restartedMain] s.w.s.m.m.a.RequestMappingHandlerMapping : Mapped "{[/api/questions],methods=[POST]}" onto public com.thanhtam.backend.entity.Question com.thanhtam.backend.controller.QuestionController.createQuestion(com.thanhtam.backend.entity.Question,java.lang.String,java.lang.Long)
2021-11-04 21:49:35.962  INFO 4428 --- [restartedMain] s.w.s.m.m.a.RequestMappingHandlerMapping : Mapped "{[/api/questions],methods=[GET]}" onto public org.springframework.http.ResponseEntity<com.thanhtam.backend.dto.ServiceResult> com.thanhtam.backend.controller.QuestionController.getAllQuestion()
2021-11-04 21:49:35.962  INFO 4428 --- [restartedMain] s.w.s.m.m.a.RequestMappingHandlerMapping : Mapped "{[/api/question-types/{id}],methods=[GET]}" onto public com.thanhtam.backend.entity.QuestionType com.thanhtam.backend.controller.QuestionTypeController.getQuestionTypeById(java.lang.Long)
2021-11-04 21:49:35.962  INFO 4428 --- [restartedMain] s.w.s.m.m.a.RequestMappingHandlerMapping : Mapped "{[/api/question-types],methods=[GET]}" onto public java.util.List<com.thanhtam.backend.entity.QuestionType> com.thanhtam.backend.controller.QuestionTypeController.getAllQuestionType()
2021-11-04 21:49:35.962  INFO 4428 --- [restartedMain] s.w.s.m.m.a.RequestMappingHandlerMapping : Mapped "{[/api/question-types/{typeCode}],methods=[GET]}" onto public com.thanhtam.backend.entity.QuestionType com.thanhtam.backend.controller.QuestionTypeController.getQuestionTypeByTypeCode(java.lang.String)
2021-11-04 21:49:35.962  INFO 4428 --- [restartedMain] s.w.s.m.m.a.RequestMappingHandlerMapping : Mapped "{[/api/statistics],methods=[GET]}" onto public com.thanhtam.backend.dto.StatisticsDashboard com.thanhtam.backend.controller.StatisticsController.getStatistics()
2021-11-04 21:49:35.962  INFO 4428 --- [restartedMain] s.w.s.m.m.a.RequestMappingHandlerMapping : Mapped "{[/api/users/search],methods=[GET]}" onto public com.thanhtam.backend.dto.PageResult com.thanhtam.backend.controller.UserController.searchUsersByUsernameOrEmail(java.lang.String,org.springframework.data.domain.Pageable)
2021-11-04 21:49:35.962  INFO 4428 --- [restartedMain] s.w.s.m.m.a.RequestMappingHandlerMapping : Mapped "{[/api/users/{id}/check-email],methods=[GET]}" onto public boolean com.thanhtam.backend.controller.UserController.checkExistsEmailUpdate(java.lang.String,java.lang.Long)
2021-11-04 21:49:35.962  INFO 4428 --- [restartedMain] s.w.s.m.m.a.RequestMappingHandlerMapping : Mapped "{[/api/users/{id}],methods=[PUT]}" onto public org.springframework.http.ResponseEntity<?> com.thanhtam.backend.controller.UserController.updateUser(com.thanhtam.backend.dto.UserUpdate,java.lang.Long)
2021-11-04 21:49:35.962  INFO 4428 --- [restartedMain] s.w.s.m.m.a.RequestMappingHandlerMapping : Mapped "{[/api/users/profile],methods=[GET]}" onto public org.springframework.http.ResponseEntity<?> com.thanhtam.backend.controller.UserController.getUser(java.lang.String)
2021-11-04 21:49:35.962  INFO 4428 --- [restartedMain] s.w.s.m.m.a.RequestMappingHandlerMapping : Mapped "{[/api/users/{id}/email/updating],methods=[PATCH]}" onto public org.springframework.http.ResponseEntity com.thanhtam.backend.controller.UserController.updateEmail(com.thanhtam.backend.dto.EmailUpdate,java.lang.Long)
2021-11-04 21:49:35.962  INFO 4428 --- [restartedMain] s.w.s.m.m.a.RequestMappingHandlerMapping : Mapped "{[/api/users],methods=[POST]}" onto public org.springframework.http.ResponseEntity<?> com.thanhtam.backend.controller.UserController.createUser(com.thanhtam.backend.entity.User)
2021-11-04 21:49:35.962  INFO 4428 --- [restartedMain] s.w.s.m.m.a.RequestMappingHandlerMapping : Mapped "{[/api/users/{id}/deleted/{deleted}],methods=[GET]}" onto public org.springframework.http.ResponseEntity<?> com.thanhtam.backend.controller.UserController.deleteTempUser(java.lang.Long,boolean)
2021-11-04 21:49:35.962  INFO 4428 --- [restartedMain] s.w.s.m.m.a.RequestMappingHandlerMapping : Mapped "{[/api/users/{id}/password/updating],methods=[PATCH]}" onto public org.springframework.http.ResponseEntity com.thanhtam.backend.controller.UserController.updatePass(com.thanhtam.backend.dto.PasswordUpdate,java.lang.Long)
2021-11-04 21:49:35.962  INFO 4428 --- [restartedMain] s.w.s.m.m.a.RequestMappingHandlerMapping : Mapped "{[/api/users/check-email],methods=[GET]}" onto public boolean com.thanhtam.backend.controller.UserController.checkEmail(java.lang.String)
2021-11-04 21:49:35.962  INFO 4428 --- [restartedMain] s.w.s.m.m.a.RequestMappingHandlerMapping : Mapped "{[/api/users/check-username],methods=[GET]}" onto public boolean com.thanhtam.backend.controller.UserController.checkUsername(java.lang.String)
2021-11-04 21:49:35.962  INFO 4428 --- [restartedMain] s.w.s.m.m.a.RequestMappingHandlerMapping : Mapped "{[/api/users/deleted/{status}/export/users.csv],methods=[GET]}" onto public void com.thanhtam.backend.controller.UserController.exportUsersToCSV(javax.servlet.http.HttpServletResponse) throws java.lang.Exception
2021-11-04 21:49:35.962  INFO 4428 --- [restartedMain] s.w.s.m.m.a.RequestMappingHandlerMapping : Mapped "{[/api/users],methods=[GET]}" onto public com.thanhtam.backend.dto.PageResult com.thanhtam.backend.controller.UserController.getUsersByPage(org.springframework.data.domain.Pageable)
2021-11-04 21:49:35.978  INFO 4428 --- [restartedMain] s.w.s.m.m.a.RequestMappingHandlerMapping : Mapped "{[/error]}" onto public org.springframework.http.ResponseEntity<java.util.Map<java.lang.String, java.lang.Object>> org.springframework.boot.autoconfigure.web.servlet.error.BasicErrorController.error(javax.servlet.http.HttpServletRequest)
2021-11-04 21:49:35.978  INFO 4428 --- [restartedMain] s.w.s.m.m.a.RequestMappingHandlerMapping : Mapped "{[/error],produces=[text/html]}" onto public org.springframework.web.servlet.ModelAndView org.springframework.boot.autoconfigure.web.servlet.error.BasicErrorController.errorHtml(javax.servlet.http.HttpServletRequest,javax.servlet.http.HttpServletResponse)
2021-11-04 21:49:36.103  INFO 4428 --- [restartedMain] o.s.w.s.handler.SimpleUrlHandlerMapping  : Mapped URL path [/webjars/**] onto handler of type [class org.springframework.web.servlet.resource.ResourceHttpRequestHandler]
2021-11-04 21:49:36.103  INFO 4428 --- [restartedMain] o.s.w.s.handler.SimpleUrlHandlerMapping  : Mapped URL path [/**] onto handler of type [class org.springframework.web.servlet.resource.ResourceHttpRequestHandler]
2021-11-04 21:49:36.181  INFO 4428 --- [restartedMain] o.s.s.web.DefaultSecurityFilterChain     : Creating filter chain: org.springframework.security.web.util.matcher.AnyRequestMatcher@1, [org.springframework.security.web.context.request.async.WebAsyncManagerIntegrationFilter@3942f39f, org.springframework.security.web.context.SecurityContextPersistenceFilter@3dc7de79, org.springframework.security.web.header.HeaderWriterFilter@6f10eb0f, org.springframework.web.filter.CorsFilter@1d2206b3, org.springframework.security.web.authentication.logout.LogoutFilter@37ad7ff2, com.thanhtam.backend.config.AuthTokenFilter@118c0f55, org.springframework.security.web.savedrequest.RequestCacheAwareFilter@6ecce03a, org.springframework.security.web.servletapi.SecurityContextHolderAwareRequestFilter@98aaaef, org.springframework.security.web.authentication.AnonymousAuthenticationFilter@501b5722, org.springframework.security.web.session.SessionManagementFilter@ec03e37, org.springframework.security.web.access.ExceptionTranslationFilter@31d184d9, org.springframework.security.web.access.intercept.FilterSecurityInterceptor@331515a4]
2021-11-04 21:49:36.744  INFO 4428 --- [restartedMain] s.w.s.m.m.a.RequestMappingHandlerAdapter : Looking for @ControllerAdvice: org.springframework.boot.web.servlet.context.AnnotationConfigServletWebServerApplicationContext@6058a53a: startup date [Thu Nov 04 21:49:24 ICT 2021]; root of context hierarchy
2021-11-04 21:49:36.806  INFO 4428 --- [restartedMain] .m.m.a.ExceptionHandlerExceptionResolver : Detected @ExceptionHandler methods in fileUploadExceptionAdvice
2021-11-04 21:49:37.275  INFO 4428 --- [restartedMain] o.s.b.d.a.OptionalLiveReloadServer       : LiveReload server is running on port 35729
2021-11-04 21:49:37.337  INFO 4428 --- [restartedMain] o.s.j.e.a.AnnotationMBeanExporter        : Registering beans for JMX exposure on startup
2021-11-04 21:49:37.337  INFO 4428 --- [restartedMain] o.s.j.e.a.AnnotationMBeanExporter        : Bean with name 'dataSource' has been autodetected for JMX exposure
2021-11-04 21:49:37.353  INFO 4428 --- [restartedMain] o.s.j.e.a.AnnotationMBeanExporter        : Located MBean 'dataSource': registering with JMX server as MBean [com.zaxxer.hikari:name=dataSource,type=HikariDataSource]
2021-11-04 21:49:37.400  INFO 4428 --- [restartedMain] o.s.b.w.embedded.tomcat.TomcatWebServer  : Tomcat started on port(s): 8080 (http) with context path ''
2021-11-04 21:49:37.400  INFO 4428 --- [restartedMain] com.thanhtam.backend.BackendApplication  : Started BackendApplication in 14.057 seconds (JVM running for 16.993)
